<?xml version="1.0" encoding="UTF-8"?>
<testsuites name="DemoTestSuite1 (1)" time="53" tests="2" failures="1" errors="0">
   <testsuite name="DemoTestSuite1 (1)" tests="2" failures="1" errors="0" time="53" timestamp="2019-03-28 12:43:20" hostname="DESKTOP-RB1T2I6$ - 10.227.144.145" id="Test Suites/Imported from Selenium IDE Scripts/DemoTestSuite1 (1)">
      <properties>
         <property name="deviceName" value=""/>
         <property name="devicePlatform" value=""/>
         <property name="logFolder" value="C:\\Users\\Brandon\\Katalon Studio\\First Project\\Reports\\Imported from Selenium IDE Scripts\\DemoTestSuite1 (1)\\20190328_124318"/>
         <property name="logFiles" value="C:\\Users\\Brandon\\Katalon Studio\\First Project\\Reports\\Imported from Selenium IDE Scripts\\DemoTestSuite1 (1)\\20190328_124318\\execution0.log"/>
         <property name="attachments" value=""/>
         <property name="hostName" value="DESKTOP-RB1T2I6$ - 10.227.144.145"/>
         <property name="os" value="Windows 10 64bit"/>
         <property name="katalonVersion" value="6.0.6.4"/>
         <property name="browser" value="Chrome 73.0.3683.86"/>
         <property name="hostAddress" value="10.227.144.145"/>
         <property name="sessionId" value="d086aafaad848097e978f25262494bc6"/>
         <property name="seleniumVersion" value="3.7.1"/>
         <property name="proxyInformation" value="ProxyInformation{proxyOption=NO_PROXY, proxyServerType=HTTP, password=, proxyServerAddress=, proxyServerPort=0}"/>
         <property name="platform" value="Windows 10"/>
      </properties>
      <testcase name="Test Cases/Imported from Selenium IDE Scripts/DemoTestSuite1 (1)/DemoTestCase1" classname="Test Cases/Imported from Selenium IDE Scripts/DemoTestSuite1 (1)/DemoTestCase1" status="PASSED">
         <system-out><![CDATA[2019-03-28 12:43:20 - [TEST_CASE][PASSED] - Test Cases/Imported from Selenium IDE Scripts/DemoTestSuite1 (1)/DemoTestCase1: Test Cases/Imported from Selenium IDE Scripts/DemoTestSuite1 (1)/DemoTestCase1

2019-03-28 12:43:21 - [TEST_STEP][PASSED] - "----------------------------------------------------": null

2019-03-28 12:43:21 - [TEST_STEP][PASSED] - "This test case script is generated by Katalon Studio": null

2019-03-28 12:43:21 - [TEST_STEP][PASSED] - "Generated date: 12-Mar-2019 02:48:22 PM": null

2019-03-28 12:43:21 - [TEST_STEP][PASSED] - "File path: C:\Users\Brandon\Documents\Katalon Suites\DemoTestSuite1.html": null

2019-03-28 12:43:21 - [TEST_STEP][PASSED] - "Generated by: bolson@northwoodglobal.com": null

2019-03-28 12:43:21 - [TEST_STEP][PASSED] - baseUrl = "http://demo.guru99.com/test/login.html": null

2019-03-28 12:43:21 - [TEST_STEP][PASSED] - openBrowser(baseUrl): Browser is opened with url: 'http://demo.guru99.com/test/login.html'

2019-03-28 12:43:21 - [MESSAGE][INFO] - Starting 'Chrome' driver

2019-03-28 12:43:21 - [MESSAGE][INFO] - Action delay is set to 0 seconds

2019-03-28 12:43:28 - [MESSAGE][PASSED] - Browser is opened with url: 'http://demo.guru99.com/test/login.html'

2019-03-28 12:43:28 - [TEST_STEP][PASSED] - selenium = new com.kms.katalon.core.webui.driver.KatalonWebDriverBackedSelenium(baseUrl): null

2019-03-28 12:43:28 - [TEST_STEP][PASSED] - selenium.open("http://demo.guru99.com/test/login.html"): null

2019-03-28 12:43:28 - [TEST_STEP][PASSED] - selenium.click("id=email"): null

2019-03-28 12:43:28 - [TEST_STEP][PASSED] - selenium.type("id=email", "abcd@gmail.com"): null

2019-03-28 12:43:28 - [TEST_STEP][PASSED] - selenium.type("id=passwd", "abcde"): null

2019-03-28 12:43:28 - [TEST_STEP][PASSED] - pw1 = selenium.getValue("id=passwd"): null

2019-03-28 12:43:28 - [TEST_STEP][PASSED] - if (pw1 == "abcde"): null

2019-03-28 12:43:28 - [TEST_STEP][PASSED] - println("Correct Password!"): null

2019-03-28 12:43:28 - [TEST_STEP][PASSED] - selenium.type("id=email", ""): null

2019-03-28 12:43:28 - [TEST_STEP][PASSED] - selenium.type("id=passwd", ""): null

2019-03-28 12:43:29 - [TEST_STEP][PASSED] - pw2 = selenium.getValue("id=passwd"): null

2019-03-28 12:43:29 - [TEST_STEP][PASSED] - if (pw2 == "abcde"): null

2019-03-28 12:43:29 - [TEST_STEP][PASSED] - else: null

2019-03-28 12:43:29 - [TEST_STEP][PASSED] - println("Password has been Removed."): null

2019-03-28 12:43:29 - [TEST_STEP][PASSED] - selenium.click("id=email"): null

2019-03-28 12:43:29 - [TEST_STEP][PASSED] - selenium.type("id=email", "abcd@gmail.com"): null

2019-03-28 12:43:29 - [TEST_STEP][PASSED] - selenium.type("id=passwd", "abcde"): null

2019-03-28 12:43:29 - [TEST_STEP][PASSED] - selenium.click("xpath=(.//*[normalize-space(text()) and normalize-space(.)='Password'])[1]/following::span[2]"): null

2019-03-28 12:43:29 - [TEST_STEP][PASSED] - click(findTestObject("Object Repository/Imported from Selenium IDE Scripts/DemoTestSuite1 (1)/DemoTestCase1/a_Telecom Project")): Object: 'Object Repository/Imported from Selenium IDE Scripts/DemoTestSuite1 (1)/DemoTestCase1/a_Telecom Project' is clicked on

2019-03-28 12:43:31 - [MESSAGE][PASSED] - Object: 'Object Repository/Imported from Selenium IDE Scripts/DemoTestSuite1 (1)/DemoTestCase1/a_Telecom Project' is clicked on

2019-03-28 12:43:31 - [TEST_STEP][PASSED] - closeBrowser(): Browser is closed

2019-03-28 12:43:32 - [MESSAGE][PASSED] - Browser is closed]]></system-out>
         <system-err><![CDATA[]]></system-err>
      </testcase>
      <testcase name="Test Cases/Imported from Selenium IDE Scripts/DemoTestSuite1 (1)/DemoTestCase2" classname="Test Cases/Imported from Selenium IDE Scripts/DemoTestSuite1 (1)/DemoTestCase2" status="PASSED">
         <system-out><![CDATA[2019-03-28 12:43:34 - [TEST_CASE][PASSED] - Test Cases/Imported from Selenium IDE Scripts/DemoTestSuite1 (1)/DemoTestCase2: Test Cases/Imported from Selenium IDE Scripts/DemoTestSuite1 (1)/DemoTestCase2

2019-03-28 12:43:34 - [TEST_STEP][PASSED] - "----------------------------------------------------": null

2019-03-28 12:43:34 - [TEST_STEP][PASSED] - "This test case script is generated by Katalon Studio": null

2019-03-28 12:43:34 - [TEST_STEP][PASSED] - "Generated date: 12-Mar-2019 02:48:24 PM": null

2019-03-28 12:43:34 - [TEST_STEP][PASSED] - "File path: C:\Users\Brandon\Documents\Katalon Suites\DemoTestSuite1.html": null

2019-03-28 12:43:34 - [TEST_STEP][PASSED] - "Generated by: bolson@northwoodglobal.com": null

2019-03-28 12:43:34 - [TEST_STEP][PASSED] - baseUrl = "http://demo.guru99.com/test/radio.html": null

2019-03-28 12:43:34 - [TEST_STEP][PASSED] - openBrowser(baseUrl): Browser is opened with url: 'http://demo.guru99.com/test/radio.html'

2019-03-28 12:43:34 - [MESSAGE][INFO] - Starting 'Chrome' driver

2019-03-28 12:43:47 - [MESSAGE][PASSED] - Browser is opened with url: 'http://demo.guru99.com/test/radio.html'

2019-03-28 12:43:47 - [TEST_STEP][PASSED] - selenium = new com.kms.katalon.core.webui.driver.KatalonWebDriverBackedSelenium(baseUrl): null

2019-03-28 12:43:47 - [TEST_STEP][PASSED] - selenium.open("http://demo.guru99.com/test/radio.html"): null

2019-03-28 12:43:47 - [TEST_STEP][PASSED] - selenium.click("id=vfb-7-1"): null

2019-03-28 12:43:47 - [TEST_STEP][PASSED] - selenium.click("id=vfb-7-2"): null

2019-03-28 12:43:47 - [TEST_STEP][PASSED] - selenium.click("id=vfb-6-0"): null

2019-03-28 12:43:47 - [TEST_STEP][PASSED] - Assert.assertTrue(selenium.isChecked("id=vfb-6-0")): null

2019-03-28 12:43:48 - [TEST_STEP][PASSED] - selenium.open("http://demo.guru99.com/test/facebook.html"): null

2019-03-28 12:44:02 - [TEST_STEP][PASSED] - Assert.assertEquals("Selenium IDE Test", selenium.getTitle()): null

2019-03-28 12:44:02 - [TEST_STEP][PASSED] - selenium.click("id=persist_box"): null

2019-03-28 12:44:02 - [TEST_STEP][PASSED] - selenium.click("id=persist_box"): null

2019-03-28 12:44:02 - [TEST_STEP][PASSED] - selenium.type("id=email", "abcd@gmail.com"): null

2019-03-28 12:44:02 - [TEST_STEP][PASSED] - Assert.assertEquals("abcd@gmail.com", selenium.getValue("id=email")): null

2019-03-28 12:44:02 - [TEST_STEP][PASSED] - closeBrowser(): Browser is closed

2019-03-28 12:44:03 - [MESSAGE][PASSED] - Browser is closed]]></system-out>
         <system-err><![CDATA[]]></system-err>
      </testcase>
      <testcase name="Test Cases/Imported from Selenium IDE Scripts/DemoTestSuite1 (1)/DemoTestCase3" classname="Test Cases/Imported from Selenium IDE Scripts/DemoTestSuite1 (1)/DemoTestCase3" status="FAILED">
         <failure type="FAILED" message="Test Cases/Imported from Selenium IDE Scripts/DemoTestSuite1 (1)/DemoTestCase3 FAILED.
Reason:
org.junit.ComparisonFailure: expected:&lt;[Selenium IDE Test]> but was:&lt;[Radio Button &amp; Check Box Demo]>
	at org.junit.Assert.assertEquals(Assert.java:115)
	at org.junit.Assert.assertEquals(Assert.java:144)
	at org.junit.Assert$assertEquals$0.callStatic(Unknown Source)
	at DemoTestCase3.run(DemoTestCase3:63)
	at com.kms.katalon.core.main.ScriptEngine.run(ScriptEngine.java:194)
	at com.kms.katalon.core.main.ScriptEngine.runScriptAsRawText(ScriptEngine.java:119)
	at com.kms.katalon.core.main.TestCaseExecutor.runScript(TestCaseExecutor.java:331)
	at com.kms.katalon.core.main.TestCaseExecutor.doExecute(TestCaseExecutor.java:322)
	at com.kms.katalon.core.main.TestCaseExecutor.processExecutionPhase(TestCaseExecutor.java:301)
	at com.kms.katalon.core.main.TestCaseExecutor.accessMainPhase(TestCaseExecutor.java:293)
	at com.kms.katalon.core.main.TestCaseExecutor.execute(TestCaseExecutor.java:227)
	at com.kms.katalon.core.main.TestSuiteExecutor.accessTestCaseMainPhase(TestSuiteExecutor.java:129)
	at com.kms.katalon.core.main.TestSuiteExecutor.accessTestSuiteMainPhase(TestSuiteExecutor.java:112)
	at com.kms.katalon.core.main.TestSuiteExecutor.execute(TestSuiteExecutor.java:81)
	at com.kms.katalon.core.main.TestCaseMain.startTestSuite(TestCaseMain.java:157)
	at com.kms.katalon.core.main.TestCaseMain$startTestSuite$0.call(Unknown Source)
	at TempTestSuite1553791398492.run(TempTestSuite1553791398492.groovy:35)
"/>
         <system-out><![CDATA[2019-03-28 12:44:05 - [TEST_CASE][FAILED] - Test Cases/Imported from Selenium IDE Scripts/DemoTestSuite1 (1)/DemoTestCase3: Test Cases/Imported from Selenium IDE Scripts/DemoTestSuite1 (1)/DemoTestCase3 FAILED.
Reason:
org.junit.ComparisonFailure: expected:<[Selenium IDE Test]> but was:<[Radio Button & Check Box Demo]>
	at org.junit.Assert.assertEquals(Assert.java:115)
	at org.junit.Assert.assertEquals(Assert.java:144)
	at org.junit.Assert$assertEquals$0.callStatic(Unknown Source)
	at DemoTestCase3.run(DemoTestCase3:63)
	at com.kms.katalon.core.main.ScriptEngine.run(ScriptEngine.java:194)
	at com.kms.katalon.core.main.ScriptEngine.runScriptAsRawText(ScriptEngine.java:119)
	at com.kms.katalon.core.main.TestCaseExecutor.runScript(TestCaseExecutor.java:331)
	at com.kms.katalon.core.main.TestCaseExecutor.doExecute(TestCaseExecutor.java:322)
	at com.kms.katalon.core.main.TestCaseExecutor.processExecutionPhase(TestCaseExecutor.java:301)
	at com.kms.katalon.core.main.TestCaseExecutor.accessMainPhase(TestCaseExecutor.java:293)
	at com.kms.katalon.core.main.TestCaseExecutor.execute(TestCaseExecutor.java:227)
	at com.kms.katalon.core.main.TestSuiteExecutor.accessTestCaseMainPhase(TestSuiteExecutor.java:129)
	at com.kms.katalon.core.main.TestSuiteExecutor.accessTestSuiteMainPhase(TestSuiteExecutor.java:112)
	at com.kms.katalon.core.main.TestSuiteExecutor.execute(TestSuiteExecutor.java:81)
	at com.kms.katalon.core.main.TestCaseMain.startTestSuite(TestCaseMain.java:157)
	at com.kms.katalon.core.main.TestCaseMain$startTestSuite$0.call(Unknown Source)
	at TempTestSuite1553791398492.run(TempTestSuite1553791398492.groovy:35)


2019-03-28 12:44:05 - [TEST_STEP][PASSED] - "----------------------------------------------------": null

2019-03-28 12:44:05 - [TEST_STEP][PASSED] - "This test case script is generated by Katalon Studio": null

2019-03-28 12:44:05 - [TEST_STEP][PASSED] - "Generated date: 12-Mar-2019 02:48:25 PM": null

2019-03-28 12:44:05 - [TEST_STEP][PASSED] - "File path: C:\Users\Brandon\Documents\Katalon Suites\DemoTestSuite1.html": null

2019-03-28 12:44:05 - [TEST_STEP][PASSED] - "Generated by: bolson@northwoodglobal.com": null

2019-03-28 12:44:05 - [TEST_STEP][PASSED] - baseUrl = "http://demo.guru99.com/test/radio.html": null

2019-03-28 12:44:05 - [TEST_STEP][PASSED] - openBrowser(baseUrl): Browser is opened with url: 'http://demo.guru99.com/test/radio.html'

2019-03-28 12:44:05 - [MESSAGE][INFO] - Starting 'Chrome' driver

2019-03-28 12:44:09 - [MESSAGE][PASSED] - Browser is opened with url: 'http://demo.guru99.com/test/radio.html'

2019-03-28 12:44:09 - [TEST_STEP][PASSED] - selenium = new com.kms.katalon.core.webui.driver.KatalonWebDriverBackedSelenium(baseUrl): null

2019-03-28 12:44:09 - [TEST_STEP][PASSED] - selenium.open("http://demo.guru99.com/test/radio.html"): null

2019-03-28 12:44:10 - [TEST_STEP][PASSED] - selenium.click("id=vfb-7-1"): null

2019-03-28 12:44:10 - [TEST_STEP][PASSED] - selenium.click("id=vfb-7-2"): null

2019-03-28 12:44:10 - [TEST_STEP][PASSED] - selenium.click("id=vfb-6-0"): null

2019-03-28 12:44:10 - [TEST_STEP][PASSED] - Assert.assertTrue(selenium.isChecked("id=vfb-6-0")): null

2019-03-28 12:44:10 - [TEST_STEP][FAILED] - Assert.assertEquals("Selenium IDE Test", selenium.getTitle()): Assert.assertEquals("Selenium IDE Test", selenium.getTitle()) FAILED.
Reason:
org.junit.ComparisonFailure: expected:<[Selenium IDE Test]> but was:<[Radio Button & Check Box Demo]>
	at org.junit.Assert.assertEquals(Assert.java:115)
	at org.junit.Assert.assertEquals(Assert.java:144)
	at org.junit.Assert$assertEquals$0.callStatic(Unknown Source)
	at DemoTestCase3.run(DemoTestCase3:63)
	at com.kms.katalon.core.main.ScriptEngine.run(ScriptEngine.java:194)
	at com.kms.katalon.core.main.ScriptEngine.runScriptAsRawText(ScriptEngine.java:119)
	at com.kms.katalon.core.main.TestCaseExecutor.runScript(TestCaseExecutor.java:331)
	at com.kms.katalon.core.main.TestCaseExecutor.doExecute(TestCaseExecutor.java:322)
	at com.kms.katalon.core.main.TestCaseExecutor.processExecutionPhase(TestCaseExecutor.java:301)
	at com.kms.katalon.core.main.TestCaseExecutor.accessMainPhase(TestCaseExecutor.java:293)
	at com.kms.katalon.core.main.TestCaseExecutor.execute(TestCaseExecutor.java:227)
	at com.kms.katalon.core.main.TestSuiteExecutor.accessTestCaseMainPhase(TestSuiteExecutor.java:129)
	at com.kms.katalon.core.main.TestSuiteExecutor.accessTestSuiteMainPhase(TestSuiteExecutor.java:112)
	at com.kms.katalon.core.main.TestSuiteExecutor.execute(TestSuiteExecutor.java:81)
	at com.kms.katalon.core.main.TestCaseMain.startTestSuite(TestCaseMain.java:157)
	at com.kms.katalon.core.main.TestCaseMain$startTestSuite$0.call(Unknown Source)
	at TempTestSuite1553791398492.run(TempTestSuite1553791398492.groovy:35)


2019-03-28 12:44:10 - [MESSAGE][FAILED] - Assert.assertEquals("Selenium IDE Test", selenium.getTitle()) FAILED.
Reason:
org.junit.ComparisonFailure: expected:<[Selenium IDE Test]> but was:<[Radio Button & Check Box Demo]>
	at org.junit.Assert.assertEquals(Assert.java:115)
	at org.junit.Assert.assertEquals(Assert.java:144)
	at org.junit.Assert$assertEquals$0.callStatic(Unknown Source)
	at DemoTestCase3.run(DemoTestCase3:63)
	at com.kms.katalon.core.main.ScriptEngine.run(ScriptEngine.java:194)
	at com.kms.katalon.core.main.ScriptEngine.runScriptAsRawText(ScriptEngine.java:119)
	at com.kms.katalon.core.main.TestCaseExecutor.runScript(TestCaseExecutor.java:331)
	at com.kms.katalon.core.main.TestCaseExecutor.doExecute(TestCaseExecutor.java:322)
	at com.kms.katalon.core.main.TestCaseExecutor.processExecutionPhase(TestCaseExecutor.java:301)
	at com.kms.katalon.core.main.TestCaseExecutor.accessMainPhase(TestCaseExecutor.java:293)
	at com.kms.katalon.core.main.TestCaseExecutor.execute(TestCaseExecutor.java:227)
	at com.kms.katalon.core.main.TestSuiteExecutor.accessTestCaseMainPhase(TestSuiteExecutor.java:129)
	at com.kms.katalon.core.main.TestSuiteExecutor.accessTestSuiteMainPhase(TestSuiteExecutor.java:112)
	at com.kms.katalon.core.main.TestSuiteExecutor.execute(TestSuiteExecutor.java:81)
	at com.kms.katalon.core.main.TestCaseMain.startTestSuite(TestCaseMain.java:157)
	at com.kms.katalon.core.main.TestCaseMain$startTestSuite$0.call(Unknown Source)
	at TempTestSuite1553791398492.run(TempTestSuite1553791398492.groovy:35)]]></system-out>
         <system-err><![CDATA[2019-03-28 12:44:05 - [TEST_CASE][FAILED] - Test Cases/Imported from Selenium IDE Scripts/DemoTestSuite1 (1)/DemoTestCase3: Test Cases/Imported from Selenium IDE Scripts/DemoTestSuite1 (1)/DemoTestCase3 FAILED.
Reason:
org.junit.ComparisonFailure: expected:<[Selenium IDE Test]> but was:<[Radio Button & Check Box Demo]>
	at org.junit.Assert.assertEquals(Assert.java:115)
	at org.junit.Assert.assertEquals(Assert.java:144)
	at org.junit.Assert$assertEquals$0.callStatic(Unknown Source)
	at DemoTestCase3.run(DemoTestCase3:63)
	at com.kms.katalon.core.main.ScriptEngine.run(ScriptEngine.java:194)
	at com.kms.katalon.core.main.ScriptEngine.runScriptAsRawText(ScriptEngine.java:119)
	at com.kms.katalon.core.main.TestCaseExecutor.runScript(TestCaseExecutor.java:331)
	at com.kms.katalon.core.main.TestCaseExecutor.doExecute(TestCaseExecutor.java:322)
	at com.kms.katalon.core.main.TestCaseExecutor.processExecutionPhase(TestCaseExecutor.java:301)
	at com.kms.katalon.core.main.TestCaseExecutor.accessMainPhase(TestCaseExecutor.java:293)
	at com.kms.katalon.core.main.TestCaseExecutor.execute(TestCaseExecutor.java:227)
	at com.kms.katalon.core.main.TestSuiteExecutor.accessTestCaseMainPhase(TestSuiteExecutor.java:129)
	at com.kms.katalon.core.main.TestSuiteExecutor.accessTestSuiteMainPhase(TestSuiteExecutor.java:112)
	at com.kms.katalon.core.main.TestSuiteExecutor.execute(TestSuiteExecutor.java:81)
	at com.kms.katalon.core.main.TestCaseMain.startTestSuite(TestCaseMain.java:157)
	at com.kms.katalon.core.main.TestCaseMain$startTestSuite$0.call(Unknown Source)
	at TempTestSuite1553791398492.run(TempTestSuite1553791398492.groovy:35)]]></system-err>
      </testcase>
      <system-out><![CDATA[2019-03-28 12:43:20 - [TEST_SUITE][FAILED] - DemoTestSuite1 (1): Test Cases/Imported from Selenium IDE Scripts/DemoTestSuite1 (1)/DemoTestCase3 FAILED.
Reason:
org.junit.ComparisonFailure: expected:<[Selenium IDE Test]> but was:<[Radio Button & Check Box Demo]>
	at org.junit.Assert.assertEquals(Assert.java:115)
	at org.junit.Assert.assertEquals(Assert.java:144)
	at org.junit.Assert$assertEquals$0.callStatic(Unknown Source)
	at DemoTestCase3.run(DemoTestCase3:63)
	at com.kms.katalon.core.main.ScriptEngine.run(ScriptEngine.java:194)
	at com.kms.katalon.core.main.ScriptEngine.runScriptAsRawText(ScriptEngine.java:119)
	at com.kms.katalon.core.main.TestCaseExecutor.runScript(TestCaseExecutor.java:331)
	at com.kms.katalon.core.main.TestCaseExecutor.doExecute(TestCaseExecutor.java:322)
	at com.kms.katalon.core.main.TestCaseExecutor.processExecutionPhase(TestCaseExecutor.java:301)
	at com.kms.katalon.core.main.TestCaseExecutor.accessMainPhase(TestCaseExecutor.java:293)
	at com.kms.katalon.core.main.TestCaseExecutor.execute(TestCaseExecutor.java:227)
	at com.kms.katalon.core.main.TestSuiteExecutor.accessTestCaseMainPhase(TestSuiteExecutor.java:129)
	at com.kms.katalon.core.main.TestSuiteExecutor.accessTestSuiteMainPhase(TestSuiteExecutor.java:112)
	at com.kms.katalon.core.main.TestSuiteExecutor.execute(TestSuiteExecutor.java:81)
	at com.kms.katalon.core.main.TestCaseMain.startTestSuite(TestCaseMain.java:157)
	at com.kms.katalon.core.main.TestCaseMain$startTestSuite$0.call(Unknown Source)
	at TempTestSuite1553791398492.run(TempTestSuite1553791398492.groovy:35)]]></system-out>
      <system-err><![CDATA[2019-03-28 12:43:20 - [TEST_SUITE][FAILED] - DemoTestSuite1 (1): Test Cases/Imported from Selenium IDE Scripts/DemoTestSuite1 (1)/DemoTestCase3 FAILED.
Reason:
org.junit.ComparisonFailure: expected:<[Selenium IDE Test]> but was:<[Radio Button & Check Box Demo]>
	at org.junit.Assert.assertEquals(Assert.java:115)
	at org.junit.Assert.assertEquals(Assert.java:144)
	at org.junit.Assert$assertEquals$0.callStatic(Unknown Source)
	at DemoTestCase3.run(DemoTestCase3:63)
	at com.kms.katalon.core.main.ScriptEngine.run(ScriptEngine.java:194)
	at com.kms.katalon.core.main.ScriptEngine.runScriptAsRawText(ScriptEngine.java:119)
	at com.kms.katalon.core.main.TestCaseExecutor.runScript(TestCaseExecutor.java:331)
	at com.kms.katalon.core.main.TestCaseExecutor.doExecute(TestCaseExecutor.java:322)
	at com.kms.katalon.core.main.TestCaseExecutor.processExecutionPhase(TestCaseExecutor.java:301)
	at com.kms.katalon.core.main.TestCaseExecutor.accessMainPhase(TestCaseExecutor.java:293)
	at com.kms.katalon.core.main.TestCaseExecutor.execute(TestCaseExecutor.java:227)
	at com.kms.katalon.core.main.TestSuiteExecutor.accessTestCaseMainPhase(TestSuiteExecutor.java:129)
	at com.kms.katalon.core.main.TestSuiteExecutor.accessTestSuiteMainPhase(TestSuiteExecutor.java:112)
	at com.kms.katalon.core.main.TestSuiteExecutor.execute(TestSuiteExecutor.java:81)
	at com.kms.katalon.core.main.TestCaseMain.startTestSuite(TestCaseMain.java:157)
	at com.kms.katalon.core.main.TestCaseMain$startTestSuite$0.call(Unknown Source)
	at TempTestSuite1553791398492.run(TempTestSuite1553791398492.groovy:35)]]></system-err>
   </testsuite>
</testsuites>
